#-----------------------------------------------------------
# Vivado v2018.3 (64-bit)
# SW Build 2405991 on Thu Dec  6 23:38:27 MST 2018
# IP Build 2404404 on Fri Dec  7 01:43:56 MST 2018
# Start of session at: Sun Jul 25 13:03:54 2021
# Process ID: 3768
# Current directory: C:/WorkSpace/Diansai/DDS_ALL_0722_per_split/DDS_14bitDAC
# Command line: vivado.exe -gui_launcher_event rodinguilauncherevent752 C:\WorkSpace\Diansai\DDS_ALL_0722_per_split\DDS_14bitDAC\DDS_IP.xpr
# Log file: C:/WorkSpace/Diansai/DDS_ALL_0722_per_split/DDS_14bitDAC/vivado.log
# Journal file: C:/WorkSpace/Diansai/DDS_ALL_0722_per_split/DDS_14bitDAC\vivado.jou
#-----------------------------------------------------------
start_gui
open_project C:/WorkSpace/Diansai/DDS_ALL_0722_per_split/DDS_14bitDAC/DDS_IP.xpr
Scanning sources...
Finished scanning sources
INFO: [IP_Flow 19-234] Refreshing IP repositories
INFO: [IP_Flow 19-1704] No user IP repositories specified
INFO: [IP_Flow 19-2313] Loaded Vivado IP repository 'C:/Xilinx/Vivado/2018.3/data/ip'.
open_project: Time (s): cpu = 00:00:15 ; elapsed = 00:00:10 . Memory (MB): peak = 748.641 ; gain = 144.289
update_compile_order -fileset sources_1
eset_property -dict [list CONFIG.CLKOUT1_REQUESTED_OUT_FREQ {40.000} CONFIG.MMCM_DIVCLK_DIVIDE {1} CONFIG.MMCM_CLKFBOUT_MULT_F {20} CONFIG.MMCM_CLKIN2_PERIOD {10.0} CONFIG.MMCM_CLKOUT0_DIVIDE_F {25} CONFIG.CLKOUT1_JITTER {204.383} CONFIG.CLKOUT1_PHASE_ERROR {164.985}] [get_ips clk_wiz_0]
generate_target all [get_files  C:/WorkSpace/Diansai/DDS_ALL_0722_per_split/DDS_14bitDAC/DDS_IP.srcs/sources_1/ip/clk_wiz_0/clk_wiz_0.xci]
INFO: [IP_Flow 19-1686] Generating 'Instantiation Template' target for IP 'clk_wiz_0'...
INFO: [IP_Flow 19-1686] Generating 'Synthesis' target for IP 'clk_wiz_0'...
INFO: [IP_Flow 19-1686] Generating 'Simulation' target for IP 'clk_wiz_0'...
INFO: [IP_Flow 19-1686] Generating 'Implementation' target for IP 'clk_wiz_0'...
INFO: [IP_Flow 19-1686] Generating 'Change Log' target for IP 'clk_wiz_0'...
catch { config_ip_cache -export [get_ips -all clk_wiz_0] }
export_ip_user_files -of_objects [get_files C:/WorkSpace/Diansai/DDS_ALL_0722_per_split/DDS_14bitDAC/DDS_IP.srcs/sources_1/ip/clk_wiz_0/clk_wiz_0.xci] -no_script -sync -force -quiet
reset_run clk_wiz_0_synth_1
launch_runs -jobs 4 clk_wiz_0_synth_1
[Sun Jul 25 13:07:27 2021] Launched clk_wiz_0_synth_1...
Run output will be captured here: C:/WorkSpace/Diansai/DDS_ALL_0722_per_split/DDS_14bitDAC/DDS_IP.runs/clk_wiz_0_synth_1/runme.log
export_simulation -of_objects [get_files C:/WorkSpace/Diansai/DDS_ALL_0722_per_split/DDS_14bitDAC/DDS_IP.srcs/sources_1/ip/clk_wiz_0/clk_wiz_0.xci] -directory C:/WorkSpace/Diansai/DDS_ALL_0722_per_split/DDS_14bitDAC/DDS_IP.ip_user_files/sim_scripts -ip_user_files_dir C:/WorkSpace/Diansai/DDS_ALL_0722_per_split/DDS_14bitDAC/DDS_IP.ip_user_files -ipstatic_source_dir C:/WorkSpace/Diansai/DDS_ALL_0722_per_split/DDS_14bitDAC/DDS_IP.ip_user_files/ipstatic -lib_map_path [list {modelsim=C:/WorkSpace/Diansai/DDS_ALL_0722_per_split/DDS_14bitDAC/DDS_IP.cache/compile_simlib/modelsim} {questa=C:/WorkSpace/Diansai/DDS_ALL_0722_per_split/DDS_14bitDAC/DDS_IP.cache/compile_simlib/questa} {riviera=C:/WorkSpace/Diansai/DDS_ALL_0722_per_split/DDS_14bitDAC/DDS_IP.cache/compile_simlib/riviera} {activehdl=C:/WorkSpace/Diansai/DDS_ALL_0722_per_split/DDS_14bitDAC/DDS_IP.cache/compile_simlib/activehdl}] -use_ip_compiled_libs -force -quiet
reset_run synth_1
WARNING: [Vivado 12-1017] Problems encountered:
1. Failed to delete one or more files in run directory C:/WorkSpace/Diansai/DDS_ALL_0722_per_split/DDS_14bitDAC/DDS_IP.runs/synth_1

launch_runs impl_2 -to_step write_bitstream -jobs 4
[Sun Jul 25 13:07:42 2021] Launched clk_wiz_0_synth_1, synth_1...
Run output will be captured here:
clk_wiz_0_synth_1: C:/WorkSpace/Diansai/DDS_ALL_0722_per_split/DDS_14bitDAC/DDS_IP.runs/clk_wiz_0_synth_1/runme.log
synth_1: C:/WorkSpace/Diansai/DDS_ALL_0722_per_split/DDS_14bitDAC/DDS_IP.runs/synth_1/runme.log
[Sun Jul 25 13:07:42 2021] Launched impl_2...
Run output will be captured here: C:/WorkSpace/Diansai/DDS_ALL_0722_per_split/DDS_14bitDAC/DDS_IP.runs/impl_2/runme.log
open_hw
connect_hw_server
INFO: [Labtools 27-2285] Connecting to hw_server url TCP:localhost:3121
INFO: [Labtools 27-2222] Launching hw_server...
INFO: [Labtools 27-2221] Launch Output:

****** Xilinx hw_server v2018.3
  **** Build date : Dec  7 2018-00:40:27
    ** Copyright 1986-2018 Xilinx, Inc. All Rights Reserved.


open_hw_target
INFO: [Labtoolstcl 44-466] Opening hw_target localhost:3121/xilinx_tcf/Digilent/21025DA1030A
set_property PROGRAM.FILE {C:/WorkSpace/Diansai/DDS_ALL_0722_per_split/DDS_14bitDAC/DDS_IP.runs/impl_2/dds_top.bit} [get_hw_devices xc7a100t_0]
current_hw_device [get_hw_devices xc7a100t_0]
refresh_hw_device -update_hw_probes false [lindex [get_hw_devices xc7a100t_0] 0]
INFO: [Labtools 27-1434] Device xc7a100t (JTAG device index = 0) is programmed with a design that has no supported debug core(s) in it.
set_property PROBES.FILE {} [get_hw_devices xc7a100t_0]
set_property FULL_PROBES.FILE {} [get_hw_devices xc7a100t_0]
set_property PROGRAM.FILE {C:/WorkSpace/Diansai/DDS_ALL_0722_per_split/DDS_14bitDAC/DDS_IP.runs/impl_2/dds_top.bit} [get_hw_devices xc7a100t_0]
program_hw_devices [get_hw_devices xc7a100t_0]
INFO: [Labtools 27-3164] End of startup status: HIGH
refresh_hw_device [lindex [get_hw_devices xc7a100t_0] 0]
INFO: [Labtools 27-1434] Device xc7a100t (JTAG device index = 0) is programmed with a design that has no supported debug core(s) in it.
reset_run synth_1
launch_runs impl_2 -to_step write_bitstream -jobs 4
[Sun Jul 25 13:15:57 2021] Launched synth_1...
Run output will be captured here: C:/WorkSpace/Diansai/DDS_ALL_0722_per_split/DDS_14bitDAC/DDS_IP.runs/synth_1/runme.log
[Sun Jul 25 13:15:58 2021] Launched impl_2...
Run output will be captured here: C:/WorkSpace/Diansai/DDS_ALL_0722_per_split/DDS_14bitDAC/DDS_IP.runs/impl_2/runme.log
set_property PROBES.FILE {} [get_hw_devices xc7a100t_0]
set_property FULL_PROBES.FILE {} [get_hw_devices xc7a100t_0]
set_property PROGRAM.FILE {C:/WorkSpace/Diansai/DDS_ALL_0722_per_split/DDS_14bitDAC/DDS_IP.runs/impl_2/dds_top.bit} [get_hw_devices xc7a100t_0]
program_hw_devices [get_hw_devices xc7a100t_0]
INFO: [Labtools 27-3164] End of startup status: HIGH
refresh_hw_device [lindex [get_hw_devices xc7a100t_0] 0]
INFO: [Labtools 27-1434] Device xc7a100t (JTAG device index = 0) is programmed with a design that has no supported debug core(s) in it.
reset_run synth_1
launch_runs impl_2 -to_step write_bitstream -jobs 4
[Sun Jul 25 13:25:16 2021] Launched synth_1...
Run output will be captured here: C:/WorkSpace/Diansai/DDS_ALL_0722_per_split/DDS_14bitDAC/DDS_IP.runs/synth_1/runme.log
[Sun Jul 25 13:25:16 2021] Launched impl_2...
Run output will be captured here: C:/WorkSpace/Diansai/DDS_ALL_0722_per_split/DDS_14bitDAC/DDS_IP.runs/impl_2/runme.log
set_property PROBES.FILE {} [get_hw_devices xc7a100t_0]
set_property FULL_PROBES.FILE {} [get_hw_devices xc7a100t_0]
set_property PROGRAM.FILE {C:/WorkSpace/Diansai/DDS_ALL_0722_per_split/DDS_14bitDAC/DDS_IP.runs/impl_2/dds_top.bit} [get_hw_devices xc7a100t_0]
program_hw_devices [get_hw_devices xc7a100t_0]
INFO: [Labtools 27-3164] End of startup status: HIGH
refresh_hw_device [lindex [get_hw_devices xc7a100t_0] 0]
INFO: [Labtools 27-1434] Device xc7a100t (JTAG device index = 0) is programmed with a design that has no supported debug core(s) in it.
reset_run synth_1
launch_runs impl_2 -to_step write_bitstream -jobs 4
[Sun Jul 25 13:41:36 2021] Launched synth_1...
Run output will be captured here: C:/WorkSpace/Diansai/DDS_ALL_0722_per_split/DDS_14bitDAC/DDS_IP.runs/synth_1/runme.log
[Sun Jul 25 13:41:36 2021] Launched impl_2...
Run output will be captured here: C:/WorkSpace/Diansai/DDS_ALL_0722_per_split/DDS_14bitDAC/DDS_IP.runs/impl_2/runme.log
set_property PROBES.FILE {} [get_hw_devices xc7a100t_0]
set_property FULL_PROBES.FILE {} [get_hw_devices xc7a100t_0]
set_property PROGRAM.FILE {C:/WorkSpace/Diansai/DDS_ALL_0722_per_split/DDS_14bitDAC/DDS_IP.runs/impl_2/dds_top.bit} [get_hw_devices xc7a100t_0]
program_hw_devices [get_hw_devices xc7a100t_0]
INFO: [Labtools 27-3164] End of startup status: HIGH
refresh_hw_device [lindex [get_hw_devices xc7a100t_0] 0]
INFO: [Labtools 27-1434] Device xc7a100t (JTAG device index = 0) is programmed with a design that has no supported debug core(s) in it.
reset_run synth_1
launch_runs impl_2 -to_step write_bitstream -jobs 4
[Sun Jul 25 14:11:41 2021] Launched synth_1...
Run output will be captured here: C:/WorkSpace/Diansai/DDS_ALL_0722_per_split/DDS_14bitDAC/DDS_IP.runs/synth_1/runme.log
[Sun Jul 25 14:11:41 2021] Launched impl_2...
Run output will be captured here: C:/WorkSpace/Diansai/DDS_ALL_0722_per_split/DDS_14bitDAC/DDS_IP.runs/impl_2/runme.log
set_property PROBES.FILE {} [get_hw_devices xc7a100t_0]
set_property FULL_PROBES.FILE {} [get_hw_devices xc7a100t_0]
set_property PROGRAM.FILE {C:/WorkSpace/Diansai/DDS_ALL_0722_per_split/DDS_14bitDAC/DDS_IP.runs/impl_2/dds_top.bit} [get_hw_devices xc7a100t_0]
program_hw_devices [get_hw_devices xc7a100t_0]
INFO: [Labtools 27-3164] End of startup status: HIGH
refresh_hw_device [lindex [get_hw_devices xc7a100t_0] 0]
INFO: [Labtools 27-1434] Device xc7a100t (JTAG device index = 0) is programmed with a design that has no supported debug core(s) in it.
reset_run synth_1
launch_runs impl_2 -to_step write_bitstream -jobs 4
[Sun Jul 25 14:19:23 2021] Launched synth_1...
Run output will be captured here: C:/WorkSpace/Diansai/DDS_ALL_0722_per_split/DDS_14bitDAC/DDS_IP.runs/synth_1/runme.log
[Sun Jul 25 14:19:23 2021] Launched impl_2...
Run output will be captured here: C:/WorkSpace/Diansai/DDS_ALL_0722_per_split/DDS_14bitDAC/DDS_IP.runs/impl_2/runme.log
reset_run synth_1
launch_runs impl_2 -to_step write_bitstream -jobs 4
[Sun Jul 25 14:20:13 2021] Launched synth_1...
Run output will be captured here: C:/WorkSpace/Diansai/DDS_ALL_0722_per_split/DDS_14bitDAC/DDS_IP.runs/synth_1/runme.log
[Sun Jul 25 14:20:13 2021] Launched impl_2...
Run output will be captured here: C:/WorkSpace/Diansai/DDS_ALL_0722_per_split/DDS_14bitDAC/DDS_IP.runs/impl_2/runme.log
set_property PROBES.FILE {} [get_hw_devices xc7a100t_0]
set_property FULL_PROBES.FILE {} [get_hw_devices xc7a100t_0]
set_property PROGRAM.FILE {C:/WorkSpace/Diansai/DDS_ALL_0722_per_split/DDS_14bitDAC/DDS_IP.runs/impl_2/dds_top.bit} [get_hw_devices xc7a100t_0]
program_hw_devices [get_hw_devices xc7a100t_0]
INFO: [Labtools 27-3164] End of startup status: HIGH
refresh_hw_device [lindex [get_hw_devices xc7a100t_0] 0]
INFO: [Labtools 27-1434] Device xc7a100t (JTAG device index = 0) is programmed with a design that has no supported debug core(s) in it.
reset_run synth_1
launch_runs impl_2 -to_step write_bitstream -jobs 4
[Sun Jul 25 14:27:16 2021] Launched synth_1...
Run output will be captured here: C:/WorkSpace/Diansai/DDS_ALL_0722_per_split/DDS_14bitDAC/DDS_IP.runs/synth_1/runme.log
[Sun Jul 25 14:27:16 2021] Launched impl_2...
Run output will be captured here: C:/WorkSpace/Diansai/DDS_ALL_0722_per_split/DDS_14bitDAC/DDS_IP.runs/impl_2/runme.log
reset_run synth_1
launch_runs impl_2 -to_step write_bitstream -jobs 4
[Sun Jul 25 14:27:49 2021] Launched synth_1...
Run output will be captured here: C:/WorkSpace/Diansai/DDS_ALL_0722_per_split/DDS_14bitDAC/DDS_IP.runs/synth_1/runme.log
[Sun Jul 25 14:27:50 2021] Launched impl_2...
Run output will be captured here: C:/WorkSpace/Diansai/DDS_ALL_0722_per_split/DDS_14bitDAC/DDS_IP.runs/impl_2/runme.log
set_property PROBES.FILE {} [get_hw_devices xc7a100t_0]
set_property FULL_PROBES.FILE {} [get_hw_devices xc7a100t_0]
set_property PROGRAM.FILE {C:/WorkSpace/Diansai/DDS_ALL_0722_per_split/DDS_14bitDAC/DDS_IP.runs/impl_2/dds_top.bit} [get_hw_devices xc7a100t_0]
program_hw_devices [get_hw_devices xc7a100t_0]
INFO: [Labtools 27-3164] End of startup status: HIGH
refresh_hw_device [lindex [get_hw_devices xc7a100t_0] 0]
INFO: [Labtools 27-1434] Device xc7a100t (JTAG device index = 0) is programmed with a design that has no supported debug core(s) in it.
reset_run synth_1
launch_runs impl_2 -to_step write_bitstream -jobs 4
[Sun Jul 25 14:37:15 2021] Launched synth_1...
Run output will be captured here: C:/WorkSpace/Diansai/DDS_ALL_0722_per_split/DDS_14bitDAC/DDS_IP.runs/synth_1/runme.log
[Sun Jul 25 14:37:16 2021] Launched impl_2...
Run output will be captured here: C:/WorkSpace/Diansai/DDS_ALL_0722_per_split/DDS_14bitDAC/DDS_IP.runs/impl_2/runme.log
set_property PROBES.FILE {} [get_hw_devices xc7a100t_0]
set_property FULL_PROBES.FILE {} [get_hw_devices xc7a100t_0]
set_property PROGRAM.FILE {C:/WorkSpace/Diansai/DDS_ALL_0722_per_split/DDS_14bitDAC/DDS_IP.runs/impl_2/dds_top.bit} [get_hw_devices xc7a100t_0]
program_hw_devices [get_hw_devices xc7a100t_0]
INFO: [Labtools 27-3164] End of startup status: HIGH
refresh_hw_device [lindex [get_hw_devices xc7a100t_0] 0]
INFO: [Labtools 27-1434] Device xc7a100t (JTAG device index = 0) is programmed with a design that has no supported debug core(s) in it.
update_compile_order -fileset sources_1
reset_run synth_1
launch_runs impl_2 -to_step write_bitstream -jobs 4
[Sun Jul 25 14:48:46 2021] Launched synth_1...
Run output will be captured here: C:/WorkSpace/Diansai/DDS_ALL_0722_per_split/DDS_14bitDAC/DDS_IP.runs/synth_1/runme.log
[Sun Jul 25 14:48:46 2021] Launched impl_2...
Run output will be captured here: C:/WorkSpace/Diansai/DDS_ALL_0722_per_split/DDS_14bitDAC/DDS_IP.runs/impl_2/runme.log
reset_run synth_1
launch_runs impl_2 -to_step write_bitstream -jobs 4
[Sun Jul 25 14:49:39 2021] Launched synth_1...
Run output will be captured here: C:/WorkSpace/Diansai/DDS_ALL_0722_per_split/DDS_14bitDAC/DDS_IP.runs/synth_1/runme.log
[Sun Jul 25 14:49:39 2021] Launched impl_2...
Run output will be captured here: C:/WorkSpace/Diansai/DDS_ALL_0722_per_split/DDS_14bitDAC/DDS_IP.runs/impl_2/runme.log
set_property PROBES.FILE {} [get_hw_devices xc7a100t_0]
set_property FULL_PROBES.FILE {} [get_hw_devices xc7a100t_0]
set_property PROGRAM.FILE {C:/WorkSpace/Diansai/DDS_ALL_0722_per_split/DDS_14bitDAC/DDS_IP.runs/impl_2/dds_top.bit} [get_hw_devices xc7a100t_0]
program_hw_devices [get_hw_devices xc7a100t_0]
INFO: [Labtools 27-3164] End of startup status: HIGH
refresh_hw_device [lindex [get_hw_devices xc7a100t_0] 0]
INFO: [Labtools 27-1434] Device xc7a100t (JTAG device index = 0) is programmed with a design that has no supported debug core(s) in it.
set_property PROBES.FILE {} [get_hw_devices xc7a100t_0]
set_property FULL_PROBES.FILE {} [get_hw_devices xc7a100t_0]
set_property PROGRAM.FILE {C:/WorkSpace/Diansai/DDS_ALL_0722_per_split/DDS_14bitDAC/DDS_IP.runs/impl_2/dds_top.bit} [get_hw_devices xc7a100t_0]
program_hw_devices [get_hw_devices xc7a100t_0]
INFO: [Labtools 27-3164] End of startup status: HIGH
refresh_hw_device [lindex [get_hw_devices xc7a100t_0] 0]
INFO: [Labtools 27-1434] Device xc7a100t (JTAG device index = 0) is programmed with a design that has no supported debug core(s) in it.
reset_run synth_1
launch_runs impl_2 -to_step write_bitstream -jobs 4
[Sun Jul 25 15:00:31 2021] Launched synth_1...
Run output will be captured here: C:/WorkSpace/Diansai/DDS_ALL_0722_per_split/DDS_14bitDAC/DDS_IP.runs/synth_1/runme.log
[Sun Jul 25 15:00:31 2021] Launched impl_2...
Run output will be captured here: C:/WorkSpace/Diansai/DDS_ALL_0722_per_split/DDS_14bitDAC/DDS_IP.runs/impl_2/runme.log
set_property PROBES.FILE {} [get_hw_devices xc7a100t_0]
set_property FULL_PROBES.FILE {} [get_hw_devices xc7a100t_0]
set_property PROGRAM.FILE {C:/WorkSpace/Diansai/DDS_ALL_0722_per_split/DDS_14bitDAC/DDS_IP.runs/impl_2/dds_top.bit} [get_hw_devices xc7a100t_0]
program_hw_devices [get_hw_devices xc7a100t_0]
INFO: [Labtools 27-3164] End of startup status: HIGH
refresh_hw_device [lindex [get_hw_devices xc7a100t_0] 0]
INFO: [Labtools 27-1434] Device xc7a100t (JTAG device index = 0) is programmed with a design that has no supported debug core(s) in it.
reset_run synth_1
launch_runs impl_2 -to_step write_bitstream -jobs 4
[Sun Jul 25 15:14:55 2021] Launched synth_1...
Run output will be captured here: C:/WorkSpace/Diansai/DDS_ALL_0722_per_split/DDS_14bitDAC/DDS_IP.runs/synth_1/runme.log
[Sun Jul 25 15:14:55 2021] Launched impl_2...
Run output will be captured here: C:/WorkSpace/Diansai/DDS_ALL_0722_per_split/DDS_14bitDAC/DDS_IP.runs/impl_2/runme.log
ERROR: [Labtoolstcl 44-513] HW Target shutdown. Closing target: localhost:3121/xilinx_tcf/Digilent/21025DA1030A
INFO: [Labtoolstcl 44-466] Opening hw_target localhost:3121/xilinx_tcf/Digilent/21025DA1030A
INFO: [Labtools 27-1435] Device xc7a100t (JTAG device index = 0) is not programmed (DONE status = 0).
WARNING: [Labtoolstcl 44-129] No matching hw_ila_data was found.
set_property PROBES.FILE {} [get_hw_devices xc7a100t_0]
set_property FULL_PROBES.FILE {} [get_hw_devices xc7a100t_0]
set_property PROGRAM.FILE {C:/WorkSpace/Diansai/DDS_ALL_0722_per_split/DDS_14bitDAC/DDS_IP.runs/impl_2/dds_top.bit} [get_hw_devices xc7a100t_0]
program_hw_devices [get_hw_devices xc7a100t_0]
INFO: [Labtools 27-3164] End of startup status: HIGH
refresh_hw_device [lindex [get_hw_devices xc7a100t_0] 0]
INFO: [Labtools 27-1434] Device xc7a100t (JTAG device index = 0) is programmed with a design that has no supported debug core(s) in it.
ERROR: [Labtoolstcl 44-513] HW Target shutdown. Closing target: localhost:3121/xilinx_tcf/Digilent/21025DA1030A
INFO: [Labtoolstcl 44-466] Opening hw_target localhost:3121/xilinx_tcf/Digilent/21025DA1030A
INFO: [Labtools 27-1435] Device xc7a100t (JTAG device index = 0) is not programmed (DONE status = 0).
WARNING: [Labtoolstcl 44-129] No matching hw_ila_data was found.
ERROR: [Labtoolstcl 44-513] HW Target shutdown. Closing target: localhost:3121/xilinx_tcf/Digilent/21025DA1030A
INFO: [Labtoolstcl 44-466] Opening hw_target localhost:3121/xilinx_tcf/Digilent/21025DA1030A
INFO: [Labtools 27-1435] Device xc7a100t (JTAG device index = 0) is not programmed (DONE status = 0).
WARNING: [Labtoolstcl 44-129] No matching hw_ila_data was found.
set_property PROBES.FILE {} [get_hw_devices xc7a100t_0]
set_property FULL_PROBES.FILE {} [get_hw_devices xc7a100t_0]
set_property PROGRAM.FILE {C:/WorkSpace/Diansai/DDS_ALL_0722_per_split/DDS_14bitDAC/DDS_IP.runs/impl_2/dds_top.bit} [get_hw_devices xc7a100t_0]
program_hw_devices [get_hw_devices xc7a100t_0]
INFO: [Labtools 27-3164] End of startup status: HIGH
refresh_hw_device [lindex [get_hw_devices xc7a100t_0] 0]
INFO: [Labtools 27-1434] Device xc7a100t (JTAG device index = 0) is programmed with a design that has no supported debug core(s) in it.
ERROR: [Labtoolstcl 44-513] HW Target shutdown. Closing target: localhost:3121/xilinx_tcf/Digilent/21025DA1030A
INFO: [Labtoolstcl 44-466] Opening hw_target localhost:3121/xilinx_tcf/Digilent/21025DA1030A
INFO: [Labtools 27-1435] Device xc7a100t (JTAG device index = 0) is not programmed (DONE status = 0).
WARNING: [Labtoolstcl 44-129] No matching hw_ila_data was found.
ERROR: [Labtoolstcl 44-513] HW Target shutdown. Closing target: localhost:3121/xilinx_tcf/Digilent/21025DA1030A
INFO: [Labtoolstcl 44-466] Opening hw_target localhost:3121/xilinx_tcf/Digilent/21025DA1030A
INFO: [Labtools 27-1435] Device xc7a100t (JTAG device index = 0) is not programmed (DONE status = 0).
WARNING: [Labtoolstcl 44-129] No matching hw_ila_data was found.
set_property PROBES.FILE {} [get_hw_devices xc7a100t_0]
set_property FULL_PROBES.FILE {} [get_hw_devices xc7a100t_0]
set_property PROGRAM.FILE {C:/WorkSpace/Diansai/DDS_ALL_0722_per_split/DDS_14bitDAC/DDS_IP.runs/impl_2/dds_top.bit} [get_hw_devices xc7a100t_0]
program_hw_devices [get_hw_devices xc7a100t_0]
INFO: [Labtools 27-3164] End of startup status: HIGH
refresh_hw_device [lindex [get_hw_devices xc7a100t_0] 0]
INFO: [Labtools 27-1434] Device xc7a100t (JTAG device index = 0) is programmed with a design that has no supported debug core(s) in it.
ERROR: [Labtoolstcl 44-513] HW Target shutdown. Closing target: localhost:3121/xilinx_tcf/Digilent/21025DA1030A
INFO: [Labtoolstcl 44-466] Opening hw_target localhost:3121/xilinx_tcf/Digilent/21025DA1030A
INFO: [Labtools 27-1435] Device xc7a100t (JTAG device index = 0) is not programmed (DONE status = 0).
WARNING: [Labtoolstcl 44-129] No matching hw_ila_data was found.
ERROR: [Labtoolstcl 44-513] HW Target shutdown. Closing target: localhost:3121/xilinx_tcf/Digilent/21025DA1030A
INFO: [Labtoolstcl 44-466] Opening hw_target localhost:3121/xilinx_tcf/Digilent/21025DA1030A
INFO: [Labtools 27-1435] Device xc7a100t (JTAG device index = 0) is not programmed (DONE status = 0).
WARNING: [Labtoolstcl 44-129] No matching hw_ila_data was found.
ERROR: [Labtoolstcl 44-513] HW Target shutdown. Closing target: localhost:3121/xilinx_tcf/Digilent/21025DA1030A
INFO: [Labtoolstcl 44-466] Opening hw_target localhost:3121/xilinx_tcf/Digilent/21025DA1030A
INFO: [Labtools 27-1435] Device xc7a100t (JTAG device index = 0) is not programmed (DONE status = 0).
WARNING: [Labtoolstcl 44-129] No matching hw_ila_data was found.
ERROR: [Labtoolstcl 44-513] HW Target shutdown. Closing target: localhost:3121/xilinx_tcf/Digilent/21025DA1030A
INFO: [Labtoolstcl 44-466] Opening hw_target localhost:3121/xilinx_tcf/Digilent/21025DA1030A
INFO: [Labtools 27-1435] Device xc7a100t (JTAG device index = 0) is not programmed (DONE status = 0).
WARNING: [Labtoolstcl 44-129] No matching hw_ila_data was found.
ERROR: [Labtoolstcl 44-513] HW Target shutdown. Closing target: localhost:3121/xilinx_tcf/Digilent/21025DA1030A
INFO: [Labtoolstcl 44-466] Opening hw_target localhost:3121/xilinx_tcf/Digilent/21025DA1030A
INFO: [Labtools 27-1435] Device xc7a100t (JTAG device index = 0) is not programmed (DONE status = 0).
WARNING: [Labtoolstcl 44-129] No matching hw_ila_data was found.
ERROR: [Labtoolstcl 44-513] HW Target shutdown. Closing target: localhost:3121/xilinx_tcf/Digilent/21025DA1030A
INFO: [Labtoolstcl 44-466] Opening hw_target localhost:3121/xilinx_tcf/Digilent/21025DA1030A
ERROR: [Labtools 27-2312] Device xc7a100t_0 is no longer available.
Check cable connectivity and that the target board is powered up then
use the disconnect_hw_server and connect_hw_server to re-initialize the hardware target.
Use open_hw_target to re-register the hardware device.
WARNING: [Labtoolstcl 44-129] No matching hw_ila_data was found.
ERROR: [Labtoolstcl 44-513] HW Target shutdown. Closing target: localhost:3121/xilinx_tcf/Digilent/21025DA1030A
INFO: [Labtoolstcl 44-466] Opening hw_target localhost:3121/xilinx_tcf/Digilent/21025DA1030A
INFO: [Labtools 27-1435] Device xc7a100t (JTAG device index = 0) is not programmed (DONE status = 0).
WARNING: [Labtoolstcl 44-129] No matching hw_ila_data was found.
ERROR: [Labtoolstcl 44-513] HW Target shutdown. Closing target: localhost:3121/xilinx_tcf/Digilent/21025DA1030A
INFO: [Labtoolstcl 44-466] Opening hw_target localhost:3121/xilinx_tcf/Digilent/21025DA1030A
INFO: [Labtools 27-1435] Device xc7a100t (JTAG device index = 0) is not programmed (DONE status = 0).
WARNING: [Labtoolstcl 44-129] No matching hw_ila_data was found.
set_property PROBES.FILE {} [get_hw_devices xc7a100t_0]
set_property FULL_PROBES.FILE {} [get_hw_devices xc7a100t_0]
set_property PROGRAM.FILE {C:/WorkSpace/Diansai/DDS_ALL_0722_per_split/DDS_14bitDAC/DDS_IP.runs/impl_2/dds_top.bit} [get_hw_devices xc7a100t_0]
program_hw_devices [get_hw_devices xc7a100t_0]
INFO: [Labtools 27-3164] End of startup status: HIGH
refresh_hw_device [lindex [get_hw_devices xc7a100t_0] 0]
INFO: [Labtools 27-1434] Device xc7a100t (JTAG device index = 0) is programmed with a design that has no supported debug core(s) in it.
ERROR: [Labtoolstcl 44-513] HW Target shutdown. Closing target: localhost:3121/xilinx_tcf/Digilent/21025DA1030A
INFO: [Labtoolstcl 44-466] Opening hw_target localhost:3121/xilinx_tcf/Digilent/21025DA1030A
INFO: [Labtools 27-1435] Device xc7a100t (JTAG device index = 0) is not programmed (DONE status = 0).
WARNING: [Labtoolstcl 44-129] No matching hw_ila_data was found.
set_property PROBES.FILE {} [get_hw_devices xc7a100t_0]
set_property FULL_PROBES.FILE {} [get_hw_devices xc7a100t_0]
set_property PROGRAM.FILE {C:/WorkSpace/Diansai/DDS_ALL_0722_per_split/DDS_14bitDAC/DDS_IP.runs/impl_2/dds_top.bit} [get_hw_devices xc7a100t_0]
program_hw_devices [get_hw_devices xc7a100t_0]
INFO: [Labtools 27-3164] End of startup status: HIGH
refresh_hw_device [lindex [get_hw_devices xc7a100t_0] 0]
INFO: [Labtools 27-1434] Device xc7a100t (JTAG device index = 0) is programmed with a design that has no supported debug core(s) in it.
ERROR: [Labtoolstcl 44-513] HW Target shutdown. Closing target: localhost:3121/xilinx_tcf/Digilent/21025DA1030A
exit
INFO: [Common 17-206] Exiting Vivado at Sun Jul 25 21:59:00 2021...
